# JRE version: Java(TM) SE Runtime Environment (8.0_45-b15) (build 1.8.0_45-b15)
# Java VM: Java HotSpot(TM) 64-Bit Server VM (25.45-b02 mixed mode windows-amd64 compressed oops)
Heap:
 PSYoungGen      total 126976K, used 69120K [0x00000000eab00000, 0x00000000f9600000, 0x0000000100000000)
  eden space 69120K, 100% used [0x00000000eab00000,0x00000000eee80000,0x00000000eee80000)
  from space 57856K, 0% used [0x00000000eee80000,0x00000000eee80000,0x00000000f2700000)
  to   space 74752K, 0% used [0x00000000f4d00000,0x00000000f4d00000,0x00000000f9600000)
 ParOldGen       total 104448K, used 75649K [0x00000000c0000000, 0x00000000c6600000, 0x00000000eab00000)
  object space 104448K, 72% used [0x00000000c0000000,0x00000000c49e04d8,0x00000000c6600000)
 Metaspace       used 5934K, capacity 6960K, committed 7040K, reserved 1056768K
  class space    used 585K, capacity 616K, committed 640K, reserved 1048576K
GC Heap History (10 events):
Event: 8.136 GC heap before
{Heap before GC invocations=10 (full 2):
 PSYoungGen      total 84992K, used 67993K [0x00000000eab00000, 0x00000000f2d00000, 0x0000000100000000)
  eden space 49152K, 100% used [0x00000000eab00000,0x00000000edb00000,0x00000000edb00000)
  from space 35840K, 52% used [0x00000000edb00000,0x00000000eed666a8,0x00000000efe00000)
  to   space 33792K, 0% used [0x00000000f0c00000,0x00000000f0c00000,0x00000000f2d00000)
 ParOldGen       total 104448K, used 38094K [0x00000000c0000000, 0x00000000c6600000, 0x00000000eab00000)
  object space 104448K, 36% used [0x00000000c0000000,0x00000000c2533a70,0x00000000c6600000)
 Metaspace       used 5848K, capacity 6896K, committed 7040K, reserved 1056768K
  class space    used 583K, capacity 616K, committed 640K, reserved 1048576K
Event: 8.666 GC heap after
Heap after GC invocations=10 (full 2):
 PSYoungGen      total 96256K, used 28985K [0x00000000eab00000, 0x00000000f3580000, 0x0000000100000000)
  eden space 62464K, 0% used [0x00000000eab00000,0x00000000eab00000,0x00000000ee800000)
  from space 33792K, 85% used [0x00000000f0c00000,0x00000000f284e500,0x00000000f2d00000)
  to   space 36864K, 0% used [0x00000000ee800000,0x00000000ee800000,0x00000000f0c00000)
 ParOldGen       total 104448K, used 38094K [0x00000000c0000000, 0x00000000c6600000, 0x00000000eab00000)
  object space 104448K, 36% used [0x00000000c0000000,0x00000000c2533a70,0x00000000c6600000)
 Metaspace       used 5848K, capacity 6896K, committed 7040K, reserved 1056768K
  class space    used 583K, capacity 616K, committed 640K, reserved 1048576K
}
Event: 11.441 GC heap before
{Heap before GC invocations=11 (full 2):
 PSYoungGen      total 96256K, used 91449K [0x00000000eab00000, 0x00000000f3580000, 0x0000000100000000)
  eden space 62464K, 100% used [0x00000000eab00000,0x00000000ee800000,0x00000000ee800000)
  from space 33792K, 85% used [0x00000000f0c00000,0x00000000f284e500,0x00000000f2d00000)
  to   space 36864K, 0% used [0x00000000ee800000,0x00000000ee800000,0x00000000f0c00000)
 ParOldGen       total 104448K, used 38094K [0x00000000c0000000, 0x00000000c6600000, 0x00000000eab00000)
  object space 104448K, 36% used [0x00000000c0000000,0x00000000c2533a70,0x00000000c6600000)
 Metaspace       used 5910K, capacity 6960K, committed 7040K, reserved 1056768K
  class space    used 583K, capacity 616K, committed 640K, reserved 1048576K
Event: 12.380 GC heap after
Heap after GC invocations=11 (full 2):
 PSYoungGen      total 99328K, used 36839K [0x00000000eab00000, 0x00000000f5680000, 0x0000000100000000)
  eden space 62464K, 0% used [0x00000000eab00000,0x00000000eab00000,0x00000000ee800000)
  from space 36864K, 99% used [0x00000000ee800000,0x00000000f0bf9f78,0x00000000f0c00000)
  to   space 48640K, 0% used [0x00000000f2700000,0x00000000f2700000,0x00000000f5680000)
 ParOldGen       total 104448K, used 54404K [0x00000000c0000000, 0x00000000c6600000, 0x00000000eab00000)
  object space 104448K, 52% used [0x00000000c0000000,0x00000000c3521238,0x00000000c6600000)
 Metaspace       used 5910K, capacity 6960K, committed 7040K, reserved 1056768K
  class space    used 583K, capacity 616K, committed 640K, reserved 1048576K
}
Event: 14.857 GC heap before
{Heap before GC invocations=12 (full 2):
 PSYoungGen      total 99328K, used 99303K [0x00000000eab00000, 0x00000000f5680000, 0x0000000100000000)
  eden space 62464K, 100% used [0x00000000eab00000,0x00000000ee800000,0x00000000ee800000)
  from space 36864K, 99% used [0x00000000ee800000,0x00000000f0bf9f78,0x00000000f0c00000)
  to   space 48640K, 0% used [0x00000000f2700000,0x00000000f2700000,0x00000000f5680000)
 ParOldGen       total 104448K, used 54404K [0x00000000c0000000, 0x00000000c6600000, 0x00000000eab00000)
  object space 104448K, 52% used [0x00000000c0000000,0x00000000c3521238,0x00000000c6600000)
 Metaspace       used 5922K, capacity 6960K, committed 7040K, reserved 1056768K
  class space    used 583K, capacity 616K, committed 640K, reserved 1048576K
Event: 15.684 GC heap after
Heap after GC invocations=12 (full 2):
 PSYoungGen      total 117760K, used 48635K [0x00000000eab00000, 0x00000000f6980000, 0x0000000100000000)
  eden space 69120K, 0% used [0x00000000eab00000,0x00000000eab00000,0x00000000eee80000)
  from space 48640K, 99% used [0x00000000f2700000,0x00000000f567eda0,0x00000000f5680000)
  to   space 57856K, 0% used [0x00000000eee80000,0x00000000eee80000,0x00000000f2700000)
 ParOldGen       total 104448K, used 60126K [0x00000000c0000000, 0x00000000c6600000, 0x00000000eab00000)
  object space 104448K, 57% used [0x00000000c0000000,0x00000000c3ab7a50,0x00000000c6600000)
 Metaspace       used 5922K, capacity 6960K, committed 7040K, reserved 1056768K
  class space    used 583K, capacity 616K, committed 640K, reserved 1048576K
}
Event: 17.018 GC heap before
{Heap before GC invocations=13 (full 2):
 PSYoungGen      total 117760K, used 117755K [0x00000000eab00000, 0x00000000f6980000, 0x0000000100000000)
  eden space 69120K, 100% used [0x00000000eab00000,0x00000000eee80000,0x00000000eee80000)
  from space 48640K, 99% used [0x00000000f2700000,0x00000000f567eda0,0x00000000f5680000)
  to   space 57856K, 0% used [0x00000000eee80000,0x00000000eee80000,0x00000000f2700000)
 ParOldGen       total 104448K, used 60126K [0x00000000c0000000, 0x00000000c6600000, 0x00000000eab00000)
  object space 104448K, 57% used [0x00000000c0000000,0x00000000c3ab7a50,0x00000000c6600000)
 Metaspace       used 5924K, capacity 6960K, committed 7040K, reserved 1056768K
  class space    used 583K, capacity 616K, committed 640K, reserved 1048576K
Event: 18.535 GC heap after
Heap after GC invocations=13 (full 2):
 PSYoungGen      total 126976K, used 57828K [0x00000000eab00000, 0x00000000f9600000, 0x0000000100000000)
  eden space 69120K, 0% used [0x00000000eab00000,0x00000000eab00000,0x00000000eee80000)
  from space 57856K, 99% used [0x00000000eee80000,0x00000000f26f9180,0x00000000f2700000)
  to   space 74752K, 0% used [0x00000000f4d00000,0x00000000f4d00000,0x00000000f9600000)
 ParOldGen       total 104448K, used 81475K [0x00000000c0000000, 0x00000000c6600000, 0x00000000eab00000)
  object space 104448K, 78% used [0x00000000c0000000,0x00000000c4f90ff8,0x00000000c6600000)
 Metaspace       used 5924K, capacity 6960K, committed 7040K, reserved 1056768K
  class space    used 583K, capacity 616K, committed 640K, reserved 1048576K
}
Event: 18.535 GC heap before
{Heap before GC invocations=14 (full 3):
 PSYoungGen      total 126976K, used 57828K [0x00000000eab00000, 0x00000000f9600000, 0x0000000100000000)
  eden space 69120K, 0% used [0x00000000eab00000,0x00000000eab00000,0x00000000eee80000)
  from space 57856K, 99% used [0x00000000eee80000,0x00000000f26f9180,0x00000000f2700000)
  to   space 74752K, 0% used [0x00000000f4d00000,0x00000000f4d00000,0x00000000f9600000)
 ParOldGen       total 104448K, used 81475K [0x00000000c0000000, 0x00000000c6600000, 0x00000000eab00000)
  object space 104448K, 78% used [0x00000000c0000000,0x00000000c4f90ff8,0x00000000c6600000)
 Metaspace       used 5924K, capacity 6960K, committed 7040K, reserved 1056768K
  class space    used 583K, capacity 616K, committed 640K, reserved 1048576K
Event: 21.462 GC heap after
Heap after GC invocations=14 (full 3):
 PSYoungGen      total 126976K, used 0K [0x00000000eab00000, 0x00000000f9600000, 0x0000000100000000)
  eden space 69120K, 0% used [0x00000000eab00000,0x00000000eab00000,0x00000000eee80000)
  from space 57856K, 0% used [0x00000000eee80000,0x00000000eee80000,0x00000000f2700000)
  to   space 74752K, 0% used [0x00000000f4d00000,0x00000000f4d00000,0x00000000f9600000)
 ParOldGen       total 104448K, used 75649K [0x00000000c0000000, 0x00000000c6600000, 0x00000000eab00000)
  object space 104448K, 72% used [0x00000000c0000000,0x00000000c49e04d8,0x00000000c6600000)
 Metaspace       used 5924K, capacity 6960K, committed 7040K, reserved 1056768K
  class space    used 583K, capacity 616K, committed 640K, reserved 1048576K
}

